This is pdfTeX, Version 3.1415926-2.5-1.40.14 (MiKTeX 2.9) (preloaded format=latex 2014.10.12)  13 OCT 2014 14:03
entering extended mode
**L1Topo_Registers.tex

(C:\Users\Paulek\Desktop\ProgramyPawel\XIL\ATLAS_repo\documents\L1Topo_Register
s\L1Topo_Registers.tex
LaTeX2e <2011/06/27>
Babel <v3.8m> and hyphenation patterns for english, afrikaans, ancientgreek, ar
abic, armenian, assamese, basque, bengali, bokmal, bulgarian, catalan, coptic, 
croatian, czech, danish, dutch, esperanto, estonian, farsi, finnish, french, ga
lician, german, german-x-2013-05-26, greek, gujarati, hindi, hungarian, iceland
ic, indonesian, interlingua, irish, italian, kannada, kurmanji, latin, latvian,
 lithuanian, malayalam, marathi, mongolian, mongolianlmc, monogreek, ngerman, n
german-x-2013-05-26, nynorsk, oriya, panjabi, pinyin, polish, portuguese, roman
ian, russian, sanskrit, serbian, slovak, slovenian, spanish, swedish, swissgerm
an, tamil, telugu, turkish, turkmen, ukenglish, ukrainian, uppersorbian, usengl
ishmax, welsh, loaded.

(C:\Users\Paulek\Desktop\ProgramyPawel\XIL\ATLAS_repo\documents\L1Topo_Register
s\lhcbnote.cls
Document Class: lhcbnote 
("C:\Program Files (x86)\MiKTex\tex\latex\base\article.cls"
Document Class: article 2007/10/19 v1.4h Standard LaTeX document class
("C:\Program Files (x86)\MiKTex\tex\latex\base\size10.clo"
File: size10.clo 2007/10/19 v1.4h Standard LaTeX file (size option)
)
\c@part=\count79
\c@section=\count80
\c@subsection=\count81
\c@subsubsection=\count82
\c@paragraph=\count83
\c@subparagraph=\count84
\c@figure=\count85
\c@table=\count86
\abovecaptionskip=\skip41
\belowcaptionskip=\skip42
\bibindent=\dimen102
)
(C:\Users\Paulek\Desktop\ProgramyPawel\XIL\ATLAS_repo\documents\L1Topo_Register
s\lhcb-ext.sty))
(C:\Users\Paulek\Desktop\ProgramyPawel\XIL\ATLAS_repo\documents\L1Topo_Register
s\lhcb.sty ("C:\Program Files (x86)\MiKTex\tex\latex\a4wide\a4wide.sty"
Package: a4wide 1994/08/30

("C:\Program Files (x86)\MiKTex\tex\latex\ntgclass\a4.sty"
Package: a4 2004/04/15 v1.2g A4 based page layout
))
("C:\Program Files (x86)\MiKTex\tex\latex\graphics\epsfig.sty"
Package: epsfig 1999/02/16 v1.7a (e)psfig emulation (SPQR)

("C:\Program Files (x86)\MiKTex\tex\latex\graphics\graphicx.sty"
Package: graphicx 1999/02/16 v1.0f Enhanced LaTeX Graphics (DPC,SPQR)

("C:\Program Files (x86)\MiKTex\tex\latex\graphics\keyval.sty"
Package: keyval 1999/03/16 v1.13 key=value parser (DPC)
\KV@toks@=\toks14
)
("C:\Program Files (x86)\MiKTex\tex\latex\graphics\graphics.sty"
Package: graphics 2009/02/05 v1.0o Standard LaTeX Graphics (DPC,SPQR)

("C:\Program Files (x86)\MiKTex\tex\latex\graphics\trig.sty"
Package: trig 1999/03/16 v1.09 sin cos tan (DPC)
)
("C:\Program Files (x86)\MiKTex\tex\latex\00miktex\graphics.cfg"
File: graphics.cfg 2007/01/18 v1.5 graphics configuration of teTeX/TeXLive
)
Package graphics Info: Driver file: dvips.def on input line 91.

("C:\Program Files (x86)\MiKTex\tex\latex\graphics\dvips.def"
File: dvips.def 1999/02/16 v3.0i Driver-dependant file (DPC,SPQR)
))
\Gin@req@height=\dimen103
\Gin@req@width=\dimen104
)
\epsfxsize=\dimen105
\epsfysize=\dimen106
)
\backindent=\skip43

("C:\Program Files (x86)\MiKTex\tex\latex\psnfss\palatino.sty"
Package: palatino 2005/04/12 PSNFSS-v9.2a (SPQR) 
)
\c@address=\count87
\headwidth=\dimen107
)
("C:\Program Files (x86)\MiKTex\tex\latex\appendix\appendix.sty"
Package: appendix 2009/09/02 v1.2b extra appendix facilities
\c@@pps=\count88
\c@@ppsavesec=\count89
\c@@ppsaveapp=\count90
)
("C:\Program Files (x86)\MiKTex\tex\latex\comment\comment.sty"
\CommentStream=\write3

Excluding comment 'comment')
("C:\Program Files (x86)\MiKTex\tex\latex\xcolor\xcolor.sty"
Package: xcolor 2007/01/21 v2.11 LaTeX color extensions (UK)

("C:\Program Files (x86)\MiKTex\tex\latex\00miktex\color.cfg"
File: color.cfg 2007/01/18 v1.5 color configuration of teTeX/TeXLive
)
Package xcolor Info: Driver file: dvips.def on input line 225.
Package xcolor Info: Model `cmy' substituted by `cmy0' on input line 1337.
Package xcolor Info: Model `RGB' extended on input line 1353.
Package xcolor Info: Model `HTML' substituted by `rgb' on input line 1355.
Package xcolor Info: Model `Hsb' substituted by `hsb' on input line 1356.
Package xcolor Info: Model `tHsb' substituted by `hsb' on input line 1357.
Package xcolor Info: Model `HSB' substituted by `hsb' on input line 1358.
Package xcolor Info: Model `Gray' substituted by `gray' on input line 1359.
Package xcolor Info: Model `wave' substituted by `hsb' on input line 1360.
)
("C:\Program Files (x86)\MiKTex\tex\latex\colortbl\colortbl.sty"
Package: colortbl 2012/02/13 v1.0a Color table columns (DPC)

("C:\Program Files (x86)\MiKTex\tex\latex\tools\array.sty"
Package: array 2008/09/09 v2.4c Tabular extension package (FMi)
\col@sep=\dimen108
\extrarowheight=\dimen109
\NC@list=\toks15
\extratabsurround=\skip44
\backup@length=\skip45
)
\everycr=\toks16
\minrowclearance=\skip46
)
("C:\Program Files (x86)\MiKTex\tex\latex\float\float.sty"
Package: float 2001/11/08 v1.3d Float enhancements (AL)
\c@float@type=\count91
\float@exts=\toks17
\float@box=\box26
\@float@everytoks=\toks18
\@floatcapt=\box27
)
\@float@every@table=\toks19

(C:\Users\Paulek\Desktop\ProgramyPawel\XIL\ATLAS_repo\documents\L1Topo_Register
s\L1Topo_Registers.aux
(C:\Users\Paulek\Desktop\ProgramyPawel\XIL\ATLAS_repo\documents\L1Topo_Register
s\sections/section1.aux

LaTeX Warning: Label `reg_4' multiply defined.


LaTeX Warning: Label `reg_4' multiply defined.


LaTeX Warning: Label `rod_control_run' multiply defined.


LaTeX Warning: Label `rod_control_run' multiply defined.

)
(C:\Users\Paulek\Desktop\ProgramyPawel\XIL\ATLAS_repo\documents\L1Topo_Register
s\sections/section2.aux

LaTeX Warning: Label `reg_PlaybackSpyControl' multiply defined.

))
LaTeX Font Info:    Checking defaults for OML/cmm/m/it on input line 26.
LaTeX Font Info:    ... okay on input line 26.
LaTeX Font Info:    Checking defaults for T1/cmr/m/n on input line 26.
LaTeX Font Info:    ... okay on input line 26.
LaTeX Font Info:    Checking defaults for OT1/cmr/m/n on input line 26.
LaTeX Font Info:    ... okay on input line 26.
LaTeX Font Info:    Checking defaults for OMS/cmsy/m/n on input line 26.
LaTeX Font Info:    ... okay on input line 26.
LaTeX Font Info:    Checking defaults for OMX/cmex/m/n on input line 26.
LaTeX Font Info:    ... okay on input line 26.
LaTeX Font Info:    Checking defaults for U/cmr/m/n on input line 26.
LaTeX Font Info:    ... okay on input line 26.
LaTeX Font Info:    Try loading font information for OT1+ppl on input line 26.
 ("C:\Program Files (x86)\MiKTex\tex\latex\psnfss\ot1ppl.fd"
File: ot1ppl.fd 2001/06/04 font definitions for OT1/ppl.
)
LaTeX Font Info:    Try loading font information for OT1+phv on input line 28.

("C:\Program Files (x86)\MiKTex\tex\latex\psnfss\ot1phv.fd"
File: ot1phv.fd 2001/06/04 scalable font definitions for OT1/phv.
)
LaTeX Font Info:    Font shape `OT1/phv/bx/n' in size <14.4> not available
(Font)              Font shape `OT1/phv/b/n' tried instead on input line 28.
LaTeX Font Info:    External font `cmex10' loaded for size
(Font)              <7> on input line 54.
LaTeX Font Info:    External font `cmex10' loaded for size
(Font)              <5> on input line 54.
LaTeX Font Info:    Font shape `OT1/ppl/bx/n' in size <10> not available
(Font)              Font shape `OT1/ppl/b/n' tried instead on input line 68.


LaTeX Warning: Reference `section_3' on page 1 undefined on input line 68.

LaTeX Font Info:    Font shape `OT1/phv/m/it' in size <8> not available
(Font)              Font shape `OT1/phv/m/sl' tried instead on input line 73.
LaTeX Font Info:    Font shape `OT1/phv/bx/it' in size <8> not available
(Font)              Font shape `OT1/phv/b/it' tried instead on input line 73.
LaTeX Font Info:    Font shape `OT1/phv/b/it' in size <8> not available
(Font)              Font shape `OT1/phv/b/sl' tried instead on input line 73.
LaTeX Font Info:    Font shape `OT1/phv/bx/n' in size <8> not available
(Font)              Font shape `OT1/phv/b/n' tried instead on input line 73.
[1

]
(C:\Users\Paulek\Desktop\ProgramyPawel\XIL\ATLAS_repo\documents\L1Topo_Register
s\sections/section1.tex
LaTeX Font Info:    Font shape `OT1/phv/bx/n' in size <12> not available
(Font)              Font shape `OT1/phv/b/n' tried instead on input line 58.
LaTeX Font Info:    Try loading font information for OMS+ppl on input line 98.

("C:\Program Files (x86)\MiKTex\tex\latex\psnfss\omsppl.fd"
File: omsppl.fd 
)
LaTeX Font Info:    Font shape `OMS/ppl/m/n' in size <10> not available
(Font)              Font shape `OMS/cmsy/m/n' tried instead on input line 98.
 [2

]
Overfull \hbox (0.69753pt too wide) in paragraph at lines 142--143
\OT1/ppl/m/n/10 ErrorCounter for the Eth-er-net MAC (un-suc-cess-ful frame re-c
ep-tion -> as-ser-tion of the rx[]axis[]mac[]tuser
 []

[3]
LaTeX Font Info:    Font shape `OT1/ppl/bx/it' in size <10> not available
(Font)              Font shape `OT1/ppl/b/it' tried instead on input line 277.
 [4] [5] [6] [7]
Underfull \vbox (badness 10000) has occurred while \output is active []

 [8]
Underfull \vbox (badness 10000) has occurred while \output is active []

 [9]
[10] [11]
Underfull \vbox (badness 1360) has occurred while \output is active []

 [12]
Overfull \hbox (9.64885pt too wide) in paragraph at lines 1202--1212
 [] 
 []

[13]) [14]
(C:\Users\Paulek\Desktop\ProgramyPawel\XIL\ATLAS_repo\documents\L1Topo_Register
s\sections/section2.tex
Overfull \hbox (29.81937pt too wide) in paragraph at lines 74--86
 [] 
 []

[15


] [16] [17] [18]
(C:\Users\Paulek\Desktop\ProgramyPawel\XIL\ATLAS_repo\documents\L1Topo_Register
s\L1Topo_Registers.aux
(C:\Users\Paulek\Desktop\ProgramyPawel\XIL\ATLAS_repo\documents\L1Topo_Register
s\sections/section1.aux)
(C:\Users\Paulek\Desktop\ProgramyPawel\XIL\ATLAS_repo\documents\L1Topo_Register
s\sections/section2.aux))

LaTeX Warning: There were undefined references.


LaTeX Warning: There were multiply-defined labels.

 ) )
(\end occurred when \iftrue on line 76 was incomplete)
(\end occurred when \ifnum on line 76 was incomplete) 
Here is how much of TeX's memory you used:
 1542 strings out of 493922
 21501 string characters out of 3146499
 80882 words of memory out of 3000000
 4821 multiletter control sequences out of 15000+200000
 11261 words of font info for 29 fonts, out of 3000000 for 9000
 841 hyphenation exceptions out of 8191
 44i,10n,35p,354b,249s stack positions out of 5000i,500n,10000p,200000b,50000s

Output written on L1Topo_Registers.dvi (18 pages, 74224 bytes).
